2025-07-25 14:00:37,342 - INFO - main_window.py:515 - ===== OCR任务开始: 课时作业.pdf =====
2025-07-25 14:00:37,342 - INFO - main_window.py:519 - 步骤1: 开始将PDF转换为图片...
2025-07-25 14:00:37,343 - ERROR - main_window.py:663 - OCR任务发生未知严重错误: join() argument must be str, bytes, or os.PathLike object, not 'tuple'
Traceback (most recent call last):
  File "D:\code\PDFOptimizer\ui\main_window.py", line 521, in run
    image_output_dir = os.path.join(self.temp_dir, file_name_without_ext)
  File "D:\office\python\python3.10.6\lib\ntpath.py", line 143, in join
    genericpath._check_arg_types('join', path, *paths)
  File "D:\office\python\python3.10.6\lib\genericpath.py", line 152, in _check_arg_types
    raise TypeError(f'{funcname}() argument must be str, bytes, or '
TypeError: join() argument must be str, bytes, or os.PathLike object, not 'tuple'
2025-07-25 14:00:37,344 - INFO - main_window.py:665 - ===== OCR任务因错误而终止 =====
2025-07-25 14:03:22,954 - INFO - main_window.py:515 - ===== OCR任务开始: 课时作业.pdf =====
2025-07-25 14:03:22,954 - INFO - main_window.py:519 - 步骤1: 开始将PDF转换为图片...
2025-07-25 14:03:23,879 - INFO - main_window.py:532 - PDF转图片成功。
2025-07-25 14:03:23,879 - ERROR - main_window.py:663 - OCR任务发生未知严重错误: 'tuple' object has no attribute 'split'
Traceback (most recent call last):
  File "D:\code\PDFOptimizer\ui\main_window.py", line 533, in run
    image_paths = sorted(
  File "D:\code\PDFOptimizer\ui\main_window.py", line 535, in <lambda>
    key=lambda x: int(os.path.splitext(os.path.basename(x)).split('页面')[-1].replace(']', '')) if '页面' in x else 0)
AttributeError: 'tuple' object has no attribute 'split'
2025-07-25 14:03:23,880 - INFO - main_window.py:665 - ===== OCR任务因错误而终止 =====
2025-07-25 14:05:28,570 - INFO - main_window.py:515 - ===== OCR任务开始: 课时作业.pdf =====
2025-07-25 14:05:28,571 - INFO - main_window.py:519 - 步骤1: 开始将PDF转换为图片...
2025-07-25 14:05:29,491 - INFO - main_window.py:532 - PDF转图片成功。
2025-07-25 14:05:29,492 - INFO - main_window.py:552 - 步骤2: 开始调用AI模型进行识别...
2025-07-25 14:05:29,492 - INFO - main_window.py:563 - 正在处理第 1/5 页: 课时作业[DPI200][页面1].png
2025-07-25 14:05:29,496 - INFO - main_window.py:604 - 页面 1: 第 1 次尝试调用API...
2025-07-25 14:05:50,969 - ERROR - main_window.py:637 - 页面 1: 处理页面 1 时发生未知错误: list indices must be integers or slices, not str
Traceback (most recent call last):
  File "D:\code\PDFOptimizer\ui\main_window.py", line 616, in run
    page_content = response.json()["choices"]["message"]["content"]
TypeError: list indices must be integers or slices, not str
2025-07-25 14:05:50,970 - INFO - main_window.py:563 - 正在处理第 2/5 页: 课时作业[DPI200][页面2].png
2025-07-25 14:05:50,976 - INFO - main_window.py:604 - 页面 2: 第 1 次尝试调用API...
2025-07-25 14:05:58,012 - ERROR - main_window.py:637 - 页面 2: 处理页面 2 时发生未知错误: list indices must be integers or slices, not str
Traceback (most recent call last):
  File "D:\code\PDFOptimizer\ui\main_window.py", line 616, in run
    page_content = response.json()["choices"]["message"]["content"]
TypeError: list indices must be integers or slices, not str
2025-07-25 14:05:58,013 - INFO - main_window.py:563 - 正在处理第 3/5 页: 课时作业[DPI200][页面3].png
2025-07-25 14:05:58,026 - INFO - main_window.py:604 - 页面 3: 第 1 次尝试调用API...
2025-07-25 14:06:14,264 - ERROR - main_window.py:637 - 页面 3: 处理页面 3 时发生未知错误: list indices must be integers or slices, not str
Traceback (most recent call last):
  File "D:\code\PDFOptimizer\ui\main_window.py", line 616, in run
    page_content = response.json()["choices"]["message"]["content"]
TypeError: list indices must be integers or slices, not str
2025-07-25 14:06:14,264 - WARNING - main_window.py:659 - 任务已手动停止。
2025-07-25 14:06:14,264 - INFO - main_window.py:661 - ===== OCR任务已停止 =====
2025-07-25 14:06:22,564 - INFO - main_window.py:515 - ===== OCR任务开始: 课时作业.pdf =====
2025-07-25 14:06:22,564 - INFO - main_window.py:519 - 步骤1: 开始将PDF转换为图片...
2025-07-25 14:06:23,486 - INFO - main_window.py:532 - PDF转图片成功。
2025-07-25 14:06:23,486 - INFO - main_window.py:552 - 步骤2: 开始调用AI模型进行识别...
2025-07-25 14:06:23,486 - INFO - main_window.py:563 - 正在处理第 1/5 页: 课时作业[DPI200][页面1].png
2025-07-25 14:06:23,491 - INFO - main_window.py:604 - 页面 1: 第 1 次尝试调用API...
2025-07-25 14:07:46,258 - INFO - main_window.py:515 - ===== OCR任务开始: 课时作业.pdf =====
2025-07-25 14:07:46,259 - INFO - main_window.py:519 - 步骤1: 开始将PDF转换为图片...
2025-07-25 14:07:47,182 - INFO - main_window.py:532 - PDF转图片成功。
2025-07-25 14:07:47,183 - INFO - main_window.py:552 - 步骤2: 开始调用AI模型进行识别...
2025-07-25 14:07:47,183 - INFO - main_window.py:563 - 正在处理第 1/5 页: 课时作业[DPI200][页面1].png
2025-07-25 14:07:47,187 - INFO - main_window.py:604 - 页面 1: 第 1 次尝试调用API...
2025-07-25 14:07:48,565 - ERROR - main_window.py:637 - 页面 1: 处理页面 1 时发生未知错误: list indices must be integers or slices, not str
Traceback (most recent call last):
  File "D:\code\PDFOptimizer\ui\main_window.py", line 616, in run
    page_content = response.json()["choices"]["message"]["content"]
TypeError: list indices must be integers or slices, not str
2025-07-25 14:07:48,566 - WARNING - main_window.py:659 - 任务已手动停止。
2025-07-25 14:07:48,566 - INFO - main_window.py:661 - ===== OCR任务已停止 =====
2025-07-25 14:08:39,823 - INFO - main_window.py:515 - ===== OCR任务开始: 课时作业.pdf =====
2025-07-25 14:08:39,823 - INFO - main_window.py:519 - 步骤1: 开始将PDF转换为图片...
2025-07-25 14:08:40,735 - INFO - main_window.py:532 - PDF转图片成功。
2025-07-25 14:08:40,736 - INFO - main_window.py:552 - 步骤2: 开始调用AI模型进行识别...
2025-07-25 14:08:40,736 - INFO - main_window.py:563 - 正在处理第 1/5 页: 课时作业[DPI200][页面1].png
2025-07-25 14:08:40,740 - INFO - main_window.py:604 - 页面 1: 第 1 次尝试调用API...
2025-07-25 14:08:49,483 - WARNING - main_window.py:624 - 页面 1: API请求失败 (尝试 1/3): Client error '400 Bad Request' for url 'https://api.mathe.cn/v1/chat/completions'
For more information check: https://developer.mozilla.org/en-US/docs/Web/HTTP/Status/400
2025-07-25 14:08:51,484 - INFO - main_window.py:604 - 页面 1: 第 2 次尝试调用API...
2025-07-25 14:08:54,663 - WARNING - main_window.py:624 - 页面 1: API请求失败 (尝试 2/3): Client error '400 Bad Request' for url 'https://api.mathe.cn/v1/chat/completions'
For more information check: https://developer.mozilla.org/en-US/docs/Web/HTTP/Status/400
2025-07-25 14:08:56,664 - INFO - main_window.py:604 - 页面 1: 第 3 次尝试调用API...
2025-07-25 14:09:03,053 - WARNING - main_window.py:624 - 页面 1: API请求失败 (尝试 3/3): Client error '400 Bad Request' for url 'https://api.mathe.cn/v1/chat/completions'
For more information check: https://developer.mozilla.org/en-US/docs/Web/HTTP/Status/400
2025-07-25 14:09:03,053 - ERROR - main_window.py:630 - 页面 1: API返回错误 (页面 1): 3次尝试后失败 - Client error '400 Bad Request' for url 'https://api.mathe.cn/v1/chat/completions'
For more information check: https://developer.mozilla.org/en-US/docs/Web/HTTP/Status/400
2025-07-25 14:09:03,053 - INFO - main_window.py:563 - 正在处理第 2/5 页: 课时作业[DPI200][页面2].png
2025-07-25 14:09:03,062 - INFO - main_window.py:604 - 页面 2: 第 1 次尝试调用API...
2025-07-25 14:09:04,934 - WARNING - main_window.py:624 - 页面 2: API请求失败 (尝试 1/3): Client error '400 Bad Request' for url 'https://api.mathe.cn/v1/chat/completions'
For more information check: https://developer.mozilla.org/en-US/docs/Web/HTTP/Status/400
2025-07-25 14:09:06,934 - INFO - main_window.py:604 - 页面 2: 第 2 次尝试调用API...
2025-07-25 14:09:08,944 - WARNING - main_window.py:624 - 页面 2: API请求失败 (尝试 2/3): Client error '400 Bad Request' for url 'https://api.mathe.cn/v1/chat/completions'
For more information check: https://developer.mozilla.org/en-US/docs/Web/HTTP/Status/400
2025-07-25 14:09:10,945 - INFO - main_window.py:604 - 页面 2: 第 3 次尝试调用API...
2025-07-25 14:09:14,707 - WARNING - main_window.py:624 - 页面 2: API请求失败 (尝试 3/3): Client error '400 Bad Request' for url 'https://api.mathe.cn/v1/chat/completions'
For more information check: https://developer.mozilla.org/en-US/docs/Web/HTTP/Status/400
2025-07-25 14:09:14,707 - ERROR - main_window.py:630 - 页面 2: API返回错误 (页面 2): 3次尝试后失败 - Client error '400 Bad Request' for url 'https://api.mathe.cn/v1/chat/completions'
For more information check: https://developer.mozilla.org/en-US/docs/Web/HTTP/Status/400
2025-07-25 14:09:14,707 - WARNING - main_window.py:659 - 任务已手动停止。
2025-07-25 14:09:14,708 - INFO - main_window.py:661 - ===== OCR任务已停止 =====
2025-07-25 14:09:29,405 - INFO - main_window.py:515 - ===== OCR任务开始: 课时作业.pdf =====
2025-07-25 14:09:29,405 - INFO - main_window.py:519 - 步骤1: 开始将PDF转换为图片...
2025-07-25 14:09:30,327 - INFO - main_window.py:532 - PDF转图片成功。
2025-07-25 14:09:30,328 - INFO - main_window.py:552 - 步骤2: 开始调用AI模型进行识别...
2025-07-25 14:09:30,328 - INFO - main_window.py:563 - 正在处理第 1/5 页: 课时作业[DPI200][页面1].png
2025-07-25 14:09:30,332 - INFO - main_window.py:604 - 页面 1: 第 1 次尝试调用API...
2025-07-25 14:09:32,634 - WARNING - main_window.py:624 - 页面 1: API请求失败 (尝试 1/3): Client error '400 Bad Request' for url 'https://api.mathe.cn/v1/chat/completions'
For more information check: https://developer.mozilla.org/en-US/docs/Web/HTTP/Status/400
2025-07-25 14:09:34,635 - INFO - main_window.py:604 - 页面 1: 第 2 次尝试调用API...
2025-07-25 14:10:00,468 - INFO - main_window.py:515 - ===== OCR任务开始: 课时作业.pdf =====
2025-07-25 14:10:00,469 - INFO - main_window.py:519 - 步骤1: 开始将PDF转换为图片...
2025-07-25 14:10:01,389 - INFO - main_window.py:532 - PDF转图片成功。
2025-07-25 14:10:01,390 - INFO - main_window.py:552 - 步骤2: 开始调用AI模型进行识别...
2025-07-25 14:10:01,390 - INFO - main_window.py:563 - 正在处理第 1/5 页: 课时作业[DPI200][页面1].png
2025-07-25 14:10:01,394 - INFO - main_window.py:604 - 页面 1: 第 1 次尝试调用API...
2025-07-25 14:10:25,271 - ERROR - main_window.py:637 - 页面 1: 处理页面 1 时发生未知错误: list indices must be integers or slices, not str
Traceback (most recent call last):
  File "D:\code\PDFOptimizer\ui\main_window.py", line 616, in run
    page_content = response.json()["choices"]["message"]["content"]
TypeError: list indices must be integers or slices, not str
2025-07-25 14:10:25,271 - INFO - main_window.py:563 - 正在处理第 2/5 页: 课时作业[DPI200][页面2].png
2025-07-25 14:10:25,273 - INFO - main_window.py:604 - 页面 2: 第 1 次尝试调用API...
2025-07-25 14:10:31,238 - ERROR - main_window.py:637 - 页面 2: 处理页面 2 时发生未知错误: list indices must be integers or slices, not str
Traceback (most recent call last):
  File "D:\code\PDFOptimizer\ui\main_window.py", line 616, in run
    page_content = response.json()["choices"]["message"]["content"]
TypeError: list indices must be integers or slices, not str
2025-07-25 14:10:31,238 - INFO - main_window.py:563 - 正在处理第 3/5 页: 课时作业[DPI200][页面3].png
2025-07-25 14:10:31,248 - INFO - main_window.py:604 - 页面 3: 第 1 次尝试调用API...
2025-07-25 14:13:31,532 - INFO - main_window.py:515 - ===== OCR任务开始: 课时作业.pdf =====
2025-07-25 14:13:31,532 - INFO - main_window.py:519 - 步骤1: 开始将PDF转换为图片...
2025-07-25 14:13:32,466 - INFO - main_window.py:532 - PDF转图片成功。
2025-07-25 14:13:32,467 - INFO - main_window.py:552 - 步骤2: 开始调用AI模型进行识别...
2025-07-25 14:13:32,467 - INFO - main_window.py:563 - 正在处理第 1/5 页: 课时作业[DPI200][页面1].png
2025-07-25 14:13:32,471 - INFO - main_window.py:604 - 页面 1: 第 1 次尝试调用API...
2025-07-25 14:13:49,702 - INFO - main_window.py:631 - 页面 1: 第 1 次尝试成功。
2025-07-25 14:13:49,702 - INFO - main_window.py:563 - 正在处理第 2/5 页: 课时作业[DPI200][页面2].png
2025-07-25 14:13:49,713 - INFO - main_window.py:604 - 页面 2: 第 1 次尝试调用API...
2025-07-25 14:13:56,356 - INFO - main_window.py:631 - 页面 2: 第 1 次尝试成功。
2025-07-25 14:13:56,357 - INFO - main_window.py:563 - 正在处理第 3/5 页: 课时作业[DPI200][页面3].png
2025-07-25 14:13:56,378 - INFO - main_window.py:604 - 页面 3: 第 1 次尝试调用API...
2025-07-25 14:14:14,278 - INFO - main_window.py:631 - 页面 3: 第 1 次尝试成功。
2025-07-25 14:14:14,278 - INFO - main_window.py:563 - 正在处理第 4/5 页: 课时作业[DPI200][页面4].png
2025-07-25 14:14:14,290 - INFO - main_window.py:604 - 页面 4: 第 1 次尝试调用API...
2025-07-25 14:14:23,002 - INFO - main_window.py:631 - 页面 4: 第 1 次尝试成功。
2025-07-25 14:14:23,002 - INFO - main_window.py:563 - 正在处理第 5/5 页: 课时作业[DPI200][页面5].png
2025-07-25 14:14:23,014 - INFO - main_window.py:604 - 页面 5: 第 1 次尝试调用API...
2025-07-25 14:14:44,818 - INFO - main_window.py:631 - 页面 5: 第 1 次尝试成功。
2025-07-25 14:14:44,818 - INFO - main_window.py:661 - 所有页面处理完毕。
2025-07-25 14:14:44,818 - INFO - main_window.py:671 - ===== OCR任务成功结束 =====
2025-07-25 14:15:18,670 - INFO - main_window.py:515 - ===== OCR任务开始: 课时作业.pdf =====
2025-07-25 14:15:18,670 - INFO - main_window.py:519 - 步骤1: 开始将PDF转换为图片...
2025-07-25 14:15:19,610 - INFO - main_window.py:532 - PDF转图片成功。
2025-07-25 14:15:19,610 - INFO - main_window.py:552 - 步骤2: 开始调用AI模型进行识别...
2025-07-25 14:15:19,610 - INFO - main_window.py:563 - 正在处理第 1/5 页: 课时作业[DPI200][页面1].png
2025-07-25 14:15:19,614 - INFO - main_window.py:604 - 页面 1: 第 1 次尝试调用API...
2025-07-25 14:19:53,865 - INFO - main_window.py:515 - ===== OCR任务开始: 课时作业.pdf =====
2025-07-25 14:19:53,866 - INFO - main_window.py:519 - 步骤1: 开始将PDF转换为图片...
2025-07-25 14:19:54,788 - INFO - main_window.py:532 - PDF转图片成功。
2025-07-25 14:19:54,789 - INFO - main_window.py:552 - 步骤2: 开始调用AI模型进行识别...
2025-07-25 14:19:54,789 - INFO - main_window.py:563 - 正在处理第 1/5 页: 课时作业[DPI200][页面1].png
2025-07-25 14:19:54,793 - INFO - main_window.py:604 - 页面 1: 第 1 次尝试调用API...
2025-07-25 14:20:36,645 - INFO - main_window.py:631 - 页面 1: 第 1 次尝试成功。
2025-07-25 14:20:36,645 - INFO - main_window.py:563 - 正在处理第 2/5 页: 课时作业[DPI200][页面2].png
2025-07-25 14:20:36,653 - INFO - main_window.py:604 - 页面 2: 第 1 次尝试调用API...
2025-07-25 14:20:47,638 - WARNING - main_window.py:638 - 页面 2: API请求失败 (尝试 1/3): Server error '503 Service Unavailable' for url 'https://api.mathe.cn/v1/chat/completions'
For more information check: https://developer.mozilla.org/en-US/docs/Web/HTTP/Status/503
2025-07-25 14:20:49,639 - INFO - main_window.py:604 - 页面 2: 第 2 次尝试调用API...
2025-07-25 14:21:02,873 - WARNING - main_window.py:638 - 页面 2: API请求失败 (尝试 2/3): Server error '503 Service Unavailable' for url 'https://api.mathe.cn/v1/chat/completions'
For more information check: https://developer.mozilla.org/en-US/docs/Web/HTTP/Status/503
2025-07-25 14:21:04,873 - INFO - main_window.py:604 - 页面 2: 第 3 次尝试调用API...
2025-07-25 14:23:15,044 - INFO - main_window.py:515 - ===== OCR任务开始: 课时作业.pdf =====
2025-07-25 14:23:15,045 - INFO - main_window.py:519 - 步骤1: 开始将PDF转换为图片...
2025-07-25 14:23:15,988 - INFO - main_window.py:532 - PDF转图片成功。
2025-07-25 14:23:15,989 - INFO - main_window.py:552 - 步骤2: 开始调用AI模型进行识别...
2025-07-25 14:23:15,989 - INFO - main_window.py:563 - 正在处理第 1/5 页: 课时作业[DPI200][页面1].png
2025-07-25 14:23:15,993 - INFO - main_window.py:604 - 页面 1: 第 1 次尝试调用API...
2025-07-25 14:23:46,291 - INFO - main_window.py:631 - 页面 1: 第 1 次尝试成功。
2025-07-25 14:23:46,292 - INFO - main_window.py:563 - 正在处理第 2/5 页: 课时作业[DPI200][页面2].png
2025-07-25 14:23:46,294 - INFO - main_window.py:604 - 页面 2: 第 1 次尝试调用API...
2025-07-25 14:24:00,894 - INFO - main_window.py:631 - 页面 2: 第 1 次尝试成功。
2025-07-25 14:24:00,895 - INFO - main_window.py:563 - 正在处理第 3/5 页: 课时作业[DPI200][页面3].png
2025-07-25 14:24:00,920 - INFO - main_window.py:604 - 页面 3: 第 1 次尝试调用API...
2025-07-25 14:24:34,990 - INFO - main_window.py:631 - 页面 3: 第 1 次尝试成功。
2025-07-25 14:24:34,990 - INFO - main_window.py:563 - 正在处理第 4/5 页: 课时作业[DPI200][页面4].png
2025-07-25 14:24:34,999 - INFO - main_window.py:604 - 页面 4: 第 1 次尝试调用API...
2025-07-25 14:24:57,594 - INFO - main_window.py:631 - 页面 4: 第 1 次尝试成功。
2025-07-25 14:24:57,595 - INFO - main_window.py:563 - 正在处理第 5/5 页: 课时作业[DPI200][页面5].png
2025-07-25 14:24:57,619 - INFO - main_window.py:604 - 页面 5: 第 1 次尝试调用API...
2025-07-25 14:25:29,541 - INFO - main_window.py:631 - 页面 5: 第 1 次尝试成功。
2025-07-25 14:25:29,542 - INFO - main_window.py:661 - 所有页面处理完毕。
2025-07-25 14:25:29,542 - INFO - main_window.py:671 - ===== OCR任务成功结束 =====
2025-07-25 14:25:29,712 - ERROR - utils.py:136 - Pandoc 转换失败: Error parsing YAML metadata at (line 218, column 1):
YAML parse exception at line 1, column 1,
while scanning an alias:
did not find expected alphabetic or numeric character

2025-07-25 14:32:19,595 - INFO - main_window.py:515 - ===== OCR任务开始: 课时作业.pdf =====
2025-07-25 14:32:19,595 - INFO - main_window.py:519 - 步骤1: 开始将PDF转换为图片...
2025-07-25 14:32:20,507 - INFO - main_window.py:532 - PDF转图片成功。
2025-07-25 14:32:20,507 - INFO - main_window.py:552 - 步骤2: 开始调用AI模型进行识别...
2025-07-25 14:32:20,507 - INFO - main_window.py:563 - 正在处理第 1/5 页: 课时作业[DPI200][页面1].png
2025-07-25 14:32:20,512 - INFO - main_window.py:604 - 页面 1: 第 1 次尝试调用API...
2025-07-25 14:32:38,233 - INFO - main_window.py:631 - 页面 1: 第 1 次尝试成功。
2025-07-25 14:32:38,233 - INFO - main_window.py:563 - 正在处理第 2/5 页: 课时作业[DPI200][页面2].png
2025-07-25 14:32:38,240 - INFO - main_window.py:604 - 页面 2: 第 1 次尝试调用API...
2025-07-25 14:32:47,173 - INFO - main_window.py:631 - 页面 2: 第 1 次尝试成功。
2025-07-25 14:32:47,174 - INFO - main_window.py:563 - 正在处理第 3/5 页: 课时作业[DPI200][页面3].png
2025-07-25 14:32:47,180 - INFO - main_window.py:604 - 页面 3: 第 1 次尝试调用API...
2025-07-25 14:33:20,012 - INFO - main_window.py:631 - 页面 3: 第 1 次尝试成功。
2025-07-25 14:33:20,013 - INFO - main_window.py:563 - 正在处理第 4/5 页: 课时作业[DPI200][页面4].png
2025-07-25 14:33:20,035 - INFO - main_window.py:604 - 页面 4: 第 1 次尝试调用API...
2025-07-25 14:33:29,013 - INFO - main_window.py:631 - 页面 4: 第 1 次尝试成功。
2025-07-25 14:33:29,014 - INFO - main_window.py:563 - 正在处理第 5/5 页: 课时作业[DPI200][页面5].png
2025-07-25 14:33:29,032 - INFO - main_window.py:604 - 页面 5: 第 1 次尝试调用API...
2025-07-25 14:33:50,607 - INFO - main_window.py:631 - 页面 5: 第 1 次尝试成功。
2025-07-25 14:33:50,608 - INFO - main_window.py:661 - 所有页面处理完毕。
2025-07-25 14:33:50,609 - INFO - main_window.py:671 - ===== OCR任务成功结束 =====
2025-07-25 14:36:16,080 - INFO - main_window.py:515 - ===== OCR任务开始: 课时作业.pdf =====
2025-07-25 14:36:16,080 - INFO - main_window.py:519 - 步骤1: 开始将PDF转换为图片...
2025-07-25 14:36:17,002 - INFO - main_window.py:532 - PDF转图片成功。
2025-07-25 14:36:17,002 - INFO - main_window.py:552 - 步骤2: 开始调用AI模型进行识别...
2025-07-25 14:36:17,002 - INFO - main_window.py:563 - 正在处理第 1/5 页: 课时作业[DPI200][页面1].png
2025-07-25 14:36:17,007 - INFO - main_window.py:604 - 页面 1: 第 1 次尝试调用API...
2025-07-25 14:36:34,031 - INFO - main_window.py:631 - 页面 1: 第 1 次尝试成功。
2025-07-25 14:36:34,031 - INFO - main_window.py:563 - 正在处理第 2/5 页: 课时作业[DPI200][页面2].png
2025-07-25 14:36:34,045 - INFO - main_window.py:604 - 页面 2: 第 1 次尝试调用API...
2025-07-25 14:36:40,829 - INFO - main_window.py:631 - 页面 2: 第 1 次尝试成功。
2025-07-25 14:36:40,829 - INFO - main_window.py:563 - 正在处理第 3/5 页: 课时作业[DPI200][页面3].png
2025-07-25 14:36:40,853 - INFO - main_window.py:604 - 页面 3: 第 1 次尝试调用API...
2025-07-25 14:37:00,428 - INFO - main_window.py:631 - 页面 3: 第 1 次尝试成功。
2025-07-25 14:37:00,428 - INFO - main_window.py:563 - 正在处理第 4/5 页: 课时作业[DPI200][页面4].png
2025-07-25 14:37:00,453 - INFO - main_window.py:604 - 页面 4: 第 1 次尝试调用API...
2025-07-25 14:37:13,373 - INFO - main_window.py:631 - 页面 4: 第 1 次尝试成功。
2025-07-25 14:37:13,373 - INFO - main_window.py:563 - 正在处理第 5/5 页: 课时作业[DPI200][页面5].png
2025-07-25 14:37:13,376 - INFO - main_window.py:604 - 页面 5: 第 1 次尝试调用API...
2025-07-25 14:37:37,625 - INFO - main_window.py:631 - 页面 5: 第 1 次尝试成功。
2025-07-25 14:37:37,625 - INFO - main_window.py:661 - 所有页面处理完毕。
2025-07-25 14:37:37,625 - INFO - main_window.py:671 - ===== OCR任务成功结束 =====
2025-07-25 14:39:56,819 - INFO - main_window.py:515 - ===== OCR任务开始: 课时作业.pdf =====
2025-07-25 14:39:56,819 - INFO - main_window.py:519 - 步骤1: 开始将PDF转换为图片...
2025-07-25 14:39:57,732 - INFO - main_window.py:532 - PDF转图片成功。
2025-07-25 14:39:57,732 - INFO - main_window.py:552 - 步骤2: 开始调用AI模型进行识别...
2025-07-25 14:39:57,732 - INFO - main_window.py:563 - 正在处理第 1/5 页: 课时作业[DPI200][页面1].png
2025-07-25 14:39:57,738 - INFO - main_window.py:604 - 页面 1: 第 1 次尝试调用API...
2025-07-25 14:40:36,331 - WARNING - main_window.py:638 - 页面 1: API请求失败 (尝试 1/3): Client error '400 Bad Request' for url 'https://api.mathe.cn/v1/chat/completions'
For more information check: https://developer.mozilla.org/en-US/docs/Web/HTTP/Status/400
2025-07-25 14:40:38,331 - INFO - main_window.py:604 - 页面 1: 第 2 次尝试调用API...
2025-07-25 14:42:04,278 - INFO - main_window.py:515 - ===== OCR任务开始: 课时作业.pdf =====
2025-07-25 14:42:04,279 - INFO - main_window.py:519 - 步骤1: 开始将PDF转换为图片...
2025-07-25 14:42:05,199 - INFO - main_window.py:532 - PDF转图片成功。
2025-07-25 14:42:05,199 - INFO - main_window.py:552 - 步骤2: 开始调用AI模型进行识别...
2025-07-25 14:42:05,199 - INFO - main_window.py:563 - 正在处理第 1/5 页: 课时作业[DPI200][页面1].png
2025-07-25 14:42:05,204 - INFO - main_window.py:604 - 页面 1: 第 1 次尝试调用API...
2025-07-25 14:42:34,822 - INFO - main_window.py:631 - 页面 1: 第 1 次尝试成功。
2025-07-25 14:42:34,823 - INFO - main_window.py:563 - 正在处理第 2/5 页: 课时作业[DPI200][页面2].png
2025-07-25 14:42:34,828 - INFO - main_window.py:604 - 页面 2: 第 1 次尝试调用API...
2025-07-25 14:42:38,845 - WARNING - main_window.py:638 - 页面 1: API请求失败 (尝试 2/3): The read operation timed out
2025-07-25 14:42:40,845 - WARNING - main_window.py:673 - 任务已手动停止。
2025-07-25 14:42:40,847 - INFO - main_window.py:675 - ===== OCR任务已停止 =====
2025-07-25 14:50:15,988 - INFO - main_window.py:515 - ===== OCR任务开始: 课时作业.pdf =====
2025-07-25 14:50:15,988 - INFO - main_window.py:519 - 步骤1: 开始将PDF转换为图片...
2025-07-25 14:50:16,908 - INFO - main_window.py:532 - PDF转图片成功。
2025-07-25 14:50:16,928 - INFO - main_window.py:552 - 步骤2: 开始调用AI模型进行识别...
2025-07-25 14:50:16,929 - INFO - main_window.py:563 - 正在处理第 1/5 页: 课时作业[DPI200][页面1].png
2025-07-25 14:50:16,934 - INFO - main_window.py:605 - 页面 1: 第 1 次尝试调用API...
2025-07-25 14:50:37,395 - INFO - main_window.py:632 - 页面 1: 第 1 次尝试成功。
2025-07-25 14:50:37,396 - INFO - main_window.py:563 - 正在处理第 2/5 页: 课时作业[DPI200][页面2].png
2025-07-25 14:50:37,401 - INFO - main_window.py:605 - 页面 2: 第 1 次尝试调用API...
2025-07-25 14:50:50,262 - INFO - main_window.py:632 - 页面 2: 第 1 次尝试成功。
2025-07-25 14:50:50,263 - INFO - main_window.py:563 - 正在处理第 3/5 页: 课时作业[DPI200][页面3].png
2025-07-25 14:50:50,282 - INFO - main_window.py:605 - 页面 3: 第 1 次尝试调用API...
2025-07-25 14:51:11,360 - INFO - main_window.py:632 - 页面 3: 第 1 次尝试成功。
2025-07-25 14:51:11,361 - INFO - main_window.py:563 - 正在处理第 4/5 页: 课时作业[DPI200][页面4].png
2025-07-25 14:51:11,386 - INFO - main_window.py:605 - 页面 4: 第 1 次尝试调用API...
2025-07-25 14:51:22,577 - INFO - main_window.py:632 - 页面 4: 第 1 次尝试成功。
2025-07-25 14:51:22,578 - INFO - main_window.py:563 - 正在处理第 5/5 页: 课时作业[DPI200][页面5].png
2025-07-25 14:51:22,606 - INFO - main_window.py:605 - 页面 5: 第 1 次尝试调用API...
2025-07-25 14:51:42,155 - INFO - main_window.py:632 - 页面 5: 第 1 次尝试成功。
2025-07-25 14:51:42,156 - INFO - main_window.py:669 - 所有页面处理完毕。
2025-07-25 14:51:42,156 - INFO - main_window.py:679 - ===== OCR任务成功结束 =====
2025-07-25 15:00:12,187 - INFO - main_window.py:515 - ===== OCR任务开始: 课时作业.pdf =====
2025-07-25 15:00:12,187 - INFO - main_window.py:519 - 步骤1: 开始将PDF转换为图片...
2025-07-25 15:00:13,126 - INFO - main_window.py:532 - PDF转图片成功。
2025-07-25 15:00:13,126 - INFO - main_window.py:552 - 步骤2: 开始调用AI模型进行识别...
2025-07-25 15:00:13,126 - INFO - main_window.py:563 - 正在处理第 1/5 页: 课时作业[DPI200][页面1].png
2025-07-25 15:00:13,131 - INFO - main_window.py:605 - 页面 1: 第 1 次尝试调用API...
2025-07-25 15:00:29,008 - INFO - main_window.py:633 - 页面 1: 第 1 次尝试成功，内容长度: 1395 字符。
2025-07-25 15:00:29,009 - INFO - main_window.py:563 - 正在处理第 2/5 页: 课时作业[DPI200][页面2].png
2025-07-25 15:00:29,011 - INFO - main_window.py:605 - 页面 2: 第 1 次尝试调用API...
2025-07-25 15:00:39,939 - INFO - main_window.py:633 - 页面 2: 第 1 次尝试成功，内容长度: 424 字符。
2025-07-25 15:00:39,939 - INFO - main_window.py:563 - 正在处理第 3/5 页: 课时作业[DPI200][页面3].png
2025-07-25 15:00:39,944 - INFO - main_window.py:605 - 页面 3: 第 1 次尝试调用API...
2025-07-25 15:01:01,231 - INFO - main_window.py:633 - 页面 3: 第 1 次尝试成功，内容长度: 1808 字符。
2025-07-25 15:01:01,232 - INFO - main_window.py:563 - 正在处理第 4/5 页: 课时作业[DPI200][页面4].png
2025-07-25 15:01:01,234 - INFO - main_window.py:605 - 页面 4: 第 1 次尝试调用API...
2025-07-25 15:01:08,844 - INFO - main_window.py:633 - 页面 4: 第 1 次尝试成功，内容长度: 512 字符。
2025-07-25 15:01:08,845 - INFO - main_window.py:563 - 正在处理第 5/5 页: 课时作业[DPI200][页面5].png
2025-07-25 15:01:08,864 - INFO - main_window.py:605 - 页面 5: 第 1 次尝试调用API...
2025-07-25 15:01:37,251 - INFO - main_window.py:633 - 页面 5: 第 1 次尝试成功，内容长度: 1820 字符。
2025-07-25 15:01:37,252 - INFO - main_window.py:670 - 所有页面处理完毕。
2025-07-25 15:01:37,252 - INFO - main_window.py:675 - 页面 1 内容长度: 1395 字符。
2025-07-25 15:01:37,252 - INFO - main_window.py:675 - 页面 2 内容长度: 424 字符。
2025-07-25 15:01:37,252 - INFO - main_window.py:675 - 页面 3 内容长度: 1808 字符。
2025-07-25 15:01:37,252 - INFO - main_window.py:675 - 页面 4 内容长度: 512 字符。
2025-07-25 15:01:37,252 - INFO - main_window.py:675 - 页面 5 内容长度: 1820 字符。
2025-07-25 15:01:37,252 - INFO - main_window.py:677 - 合并前总字符数: 5959 字符。
2025-07-25 15:01:37,252 - INFO - main_window.py:682 - 合并后总字符数: 5987 字符。
2025-07-25 15:01:37,252 - INFO - main_window.py:691 - ===== OCR任务成功结束 =====
2025-07-25 15:05:21,612 - INFO - main_window.py:515 - ===== OCR任务开始: 课时作业.pdf =====
2025-07-25 15:05:21,613 - INFO - main_window.py:519 - 步骤1: 开始将PDF转换为图片...
2025-07-25 15:05:22,548 - INFO - main_window.py:532 - PDF转图片成功。
2025-07-25 15:05:22,548 - INFO - main_window.py:552 - 步骤2: 开始调用AI模型进行识别...
2025-07-25 15:05:22,548 - INFO - main_window.py:563 - 正在处理第 1/5 页: 课时作业[DPI200][页面1].png
2025-07-25 15:05:22,553 - INFO - main_window.py:605 - 页面 1: 第 1 次尝试调用API...
2025-07-25 15:05:41,899 - INFO - main_window.py:633 - 页面 1: 第 1 次尝试成功，内容长度: 1369 字符。
2025-07-25 15:05:41,899 - INFO - main_window.py:563 - 正在处理第 2/5 页: 课时作业[DPI200][页面2].png
2025-07-25 15:05:41,903 - INFO - main_window.py:605 - 页面 2: 第 1 次尝试调用API...
2025-07-25 15:05:48,789 - INFO - main_window.py:633 - 页面 2: 第 1 次尝试成功，内容长度: 440 字符。
2025-07-25 15:05:48,789 - INFO - main_window.py:563 - 正在处理第 3/5 页: 课时作业[DPI200][页面3].png
2025-07-25 15:05:48,814 - INFO - main_window.py:605 - 页面 3: 第 1 次尝试调用API...
2025-07-25 15:06:09,023 - INFO - main_window.py:633 - 页面 3: 第 1 次尝试成功，内容长度: 1847 字符。
2025-07-25 15:06:09,023 - INFO - main_window.py:563 - 正在处理第 4/5 页: 课时作业[DPI200][页面4].png
2025-07-25 15:06:09,030 - INFO - main_window.py:605 - 页面 4: 第 1 次尝试调用API...
2025-07-25 15:06:17,898 - INFO - main_window.py:633 - 页面 4: 第 1 次尝试成功，内容长度: 491 字符。
2025-07-25 15:06:17,899 - INFO - main_window.py:563 - 正在处理第 5/5 页: 课时作业[DPI200][页面5].png
2025-07-25 15:06:17,932 - INFO - main_window.py:605 - 页面 5: 第 1 次尝试调用API...
2025-07-25 15:06:41,531 - INFO - main_window.py:633 - 页面 5: 第 1 次尝试成功，内容长度: 1566 字符。
2025-07-25 15:06:41,532 - INFO - main_window.py:670 - 所有页面处理完毕。
2025-07-25 15:06:41,533 - INFO - main_window.py:675 - 页面 1 内容长度: 1369 字符。
2025-07-25 15:06:41,533 - INFO - main_window.py:675 - 页面 2 内容长度: 440 字符。
2025-07-25 15:06:41,533 - INFO - main_window.py:675 - 页面 3 内容长度: 1847 字符。
2025-07-25 15:06:41,534 - INFO - main_window.py:675 - 页面 4 内容长度: 491 字符。
2025-07-25 15:06:41,534 - INFO - main_window.py:675 - 页面 5 内容长度: 1566 字符。
2025-07-25 15:06:41,534 - INFO - main_window.py:677 - 合并前总字符数: 5713 字符。
2025-07-25 15:06:41,535 - INFO - main_window.py:682 - 合并后总字符数: 5741 字符。
2025-07-25 15:06:41,535 - INFO - main_window.py:691 - ===== OCR任务成功结束 =====
2025-07-25 15:20:28,197 - INFO - main_window.py:515 - ===== OCR任务开始: 课时作业.pdf =====
2025-07-25 15:20:28,197 - INFO - main_window.py:519 - 步骤1: 开始将PDF转换为图片...
2025-07-25 15:20:29,118 - INFO - main_window.py:532 - PDF转图片成功。
2025-07-25 15:20:29,119 - INFO - main_window.py:552 - 步骤2: 开始调用AI模型进行识别...
2025-07-25 15:20:29,119 - INFO - main_window.py:563 - 正在处理第 1/5 页: 课时作业[DPI200][页面1].png
2025-07-25 15:20:29,123 - INFO - main_window.py:605 - 页面 1: 第 1 次尝试调用API...
2025-07-25 15:20:31,290 - WARNING - main_window.py:641 - 页面 1: API请求失败 (尝试 1/3): Client error '400 Bad Request' for url 'https://api.mathe.cn/v1/chat/completions'
For more information check: https://developer.mozilla.org/en-US/docs/Web/HTTP/Status/400
2025-07-25 15:20:33,291 - INFO - main_window.py:605 - 页面 1: 第 2 次尝试调用API...
2025-07-25 15:20:35,787 - WARNING - main_window.py:641 - 页面 1: API请求失败 (尝试 2/3): Client error '400 Bad Request' for url 'https://api.mathe.cn/v1/chat/completions'
For more information check: https://developer.mozilla.org/en-US/docs/Web/HTTP/Status/400
2025-07-25 15:20:37,787 - INFO - main_window.py:605 - 页面 1: 第 3 次尝试调用API...
2025-07-25 15:20:40,145 - WARNING - main_window.py:641 - 页面 1: API请求失败 (尝试 3/3): Client error '400 Bad Request' for url 'https://api.mathe.cn/v1/chat/completions'
For more information check: https://developer.mozilla.org/en-US/docs/Web/HTTP/Status/400
2025-07-25 15:20:40,146 - ERROR - main_window.py:647 - 页面 1: API返回错误 (页面 1): 3次尝试后失败 - Client error '400 Bad Request' for url 'https://api.mathe.cn/v1/chat/completions'
For more information check: https://developer.mozilla.org/en-US/docs/Web/HTTP/Status/400
2025-07-25 15:20:40,147 - INFO - main_window.py:563 - 正在处理第 2/5 页: 课时作业[DPI200][页面2].png
2025-07-25 15:20:40,157 - INFO - main_window.py:605 - 页面 2: 第 1 次尝试调用API...
2025-07-25 15:20:42,038 - WARNING - main_window.py:641 - 页面 2: API请求失败 (尝试 1/3): Client error '400 Bad Request' for url 'https://api.mathe.cn/v1/chat/completions'
For more information check: https://developer.mozilla.org/en-US/docs/Web/HTTP/Status/400
2025-07-25 15:20:44,039 - INFO - main_window.py:605 - 页面 2: 第 2 次尝试调用API...
2025-07-25 15:20:45,863 - WARNING - main_window.py:641 - 页面 2: API请求失败 (尝试 2/3): Client error '400 Bad Request' for url 'https://api.mathe.cn/v1/chat/completions'
For more information check: https://developer.mozilla.org/en-US/docs/Web/HTTP/Status/400
2025-07-25 15:20:47,864 - WARNING - main_window.py:693 - 任务已手动停止。
2025-07-25 15:20:47,864 - INFO - main_window.py:695 - ===== OCR任务已停止 =====
2025-07-25 15:21:18,192 - INFO - main_window.py:515 - ===== OCR任务开始: 课时作业.pdf =====
2025-07-25 15:21:18,192 - INFO - main_window.py:519 - 步骤1: 开始将PDF转换为图片...
2025-07-25 15:21:19,112 - INFO - main_window.py:532 - PDF转图片成功。
2025-07-25 15:21:19,112 - INFO - main_window.py:552 - 步骤2: 开始调用AI模型进行识别...
2025-07-25 15:21:19,112 - INFO - main_window.py:563 - 正在处理第 1/5 页: 课时作业[DPI200][页面1].png
2025-07-25 15:21:19,117 - INFO - main_window.py:605 - 页面 1: 第 1 次尝试调用API...
2025-07-25 15:22:01,751 - INFO - main_window.py:633 - 页面 1: 第 1 次尝试成功，内容长度: 1618 字符。
2025-07-25 15:22:01,752 - INFO - main_window.py:563 - 正在处理第 2/5 页: 课时作业[DPI200][页面2].png
2025-07-25 15:22:01,759 - INFO - main_window.py:605 - 页面 2: 第 1 次尝试调用API...
2025-07-25 15:22:20,029 - INFO - main_window.py:633 - 页面 2: 第 1 次尝试成功，内容长度: 471 字符。
2025-07-25 15:22:20,029 - INFO - main_window.py:563 - 正在处理第 3/5 页: 课时作业[DPI200][页面3].png
2025-07-25 15:22:20,033 - INFO - main_window.py:605 - 页面 3: 第 1 次尝试调用API...
2025-07-25 15:23:09,012 - INFO - main_window.py:633 - 页面 3: 第 1 次尝试成功，内容长度: 0 字符。
2025-07-25 15:23:09,012 - INFO - main_window.py:563 - 正在处理第 4/5 页: 课时作业[DPI200][页面4].png
2025-07-25 15:23:09,021 - INFO - main_window.py:605 - 页面 4: 第 1 次尝试调用API...
2025-07-25 15:23:33,931 - INFO - main_window.py:633 - 页面 4: 第 1 次尝试成功，内容长度: 563 字符。
2025-07-25 15:23:33,932 - INFO - main_window.py:563 - 正在处理第 5/5 页: 课时作业[DPI200][页面5].png
2025-07-25 15:23:33,959 - INFO - main_window.py:605 - 页面 5: 第 1 次尝试调用API...
2025-07-25 15:24:17,508 - INFO - main_window.py:633 - 页面 5: 第 1 次尝试成功，内容长度: 0 字符。
2025-07-25 15:24:17,508 - INFO - main_window.py:670 - 所有页面处理完毕。
2025-07-25 15:24:17,508 - INFO - main_window.py:675 - 页面 1 内容长度: 1618 字符。
2025-07-25 15:24:17,509 - INFO - main_window.py:675 - 页面 2 内容长度: 471 字符。
2025-07-25 15:24:17,509 - INFO - main_window.py:675 - 页面 3 内容长度: 0 字符。
2025-07-25 15:24:17,509 - INFO - main_window.py:675 - 页面 4 内容长度: 563 字符。
2025-07-25 15:24:17,510 - INFO - main_window.py:675 - 页面 5 内容长度: 0 字符。
2025-07-25 15:24:17,512 - INFO - main_window.py:677 - 合并前总字符数: 2652 字符。
2025-07-25 15:24:17,512 - INFO - main_window.py:682 - 合并后总字符数: 2680 字符。
2025-07-25 15:24:17,512 - INFO - main_window.py:691 - ===== OCR任务成功结束 =====
2025-07-25 15:27:47,636 - INFO - main_window.py:515 - ===== OCR任务开始: 课时作业.pdf =====
2025-07-25 15:27:47,637 - INFO - main_window.py:519 - 步骤1: 开始将PDF转换为图片...
2025-07-25 15:27:48,554 - INFO - main_window.py:532 - PDF转图片成功。
2025-07-25 15:27:48,554 - INFO - main_window.py:552 - 步骤2: 开始调用AI模型进行识别...
2025-07-25 15:27:48,554 - INFO - main_window.py:563 - 正在处理第 1/5 页: 课时作业[DPI200][页面1].png
2025-07-25 15:27:48,558 - INFO - main_window.py:605 - 页面 1: 第 1 次尝试调用API...
2025-07-25 15:28:11,958 - INFO - main_window.py:633 - 页面 1: 第 1 次尝试成功，内容长度: 1444 字符。
2025-07-25 15:28:11,958 - INFO - main_window.py:563 - 正在处理第 2/5 页: 课时作业[DPI200][页面2].png
2025-07-25 15:28:11,972 - INFO - main_window.py:605 - 页面 2: 第 1 次尝试调用API...
2025-07-25 15:28:19,031 - INFO - main_window.py:633 - 页面 2: 第 1 次尝试成功，内容长度: 402 字符。
2025-07-25 15:28:19,032 - INFO - main_window.py:563 - 正在处理第 3/5 页: 课时作业[DPI200][页面3].png
2025-07-25 15:28:19,041 - INFO - main_window.py:605 - 页面 3: 第 1 次尝试调用API...
2025-07-25 15:28:38,627 - INFO - main_window.py:633 - 页面 3: 第 1 次尝试成功，内容长度: 1710 字符。
2025-07-25 15:28:38,628 - INFO - main_window.py:563 - 正在处理第 4/5 页: 课时作业[DPI200][页面4].png
2025-07-25 15:28:38,668 - INFO - main_window.py:605 - 页面 4: 第 1 次尝试调用API...
2025-07-25 15:28:48,330 - INFO - main_window.py:633 - 页面 4: 第 1 次尝试成功，内容长度: 507 字符。
2025-07-25 15:28:48,331 - INFO - main_window.py:563 - 正在处理第 5/5 页: 课时作业[DPI200][页面5].png
2025-07-25 15:28:48,348 - INFO - main_window.py:605 - 页面 5: 第 1 次尝试调用API...
2025-07-25 15:29:13,419 - INFO - main_window.py:633 - 页面 5: 第 1 次尝试成功，内容长度: 1566 字符。
2025-07-25 15:29:13,419 - INFO - main_window.py:670 - 所有页面处理完毕。
2025-07-25 15:29:13,419 - INFO - main_window.py:675 - 页面 1 内容长度: 1444 字符。
2025-07-25 15:29:13,419 - INFO - main_window.py:675 - 页面 2 内容长度: 402 字符。
2025-07-25 15:29:13,419 - INFO - main_window.py:675 - 页面 3 内容长度: 1710 字符。
2025-07-25 15:29:13,419 - INFO - main_window.py:675 - 页面 4 内容长度: 507 字符。
2025-07-25 15:29:13,420 - INFO - main_window.py:675 - 页面 5 内容长度: 1566 字符。
2025-07-25 15:29:13,420 - INFO - main_window.py:677 - 合并前总字符数: 5629 字符。
2025-07-25 15:29:13,420 - INFO - main_window.py:682 - 合并后总字符数: 5657 字符。
2025-07-25 15:29:13,420 - INFO - main_window.py:691 - ===== OCR任务成功结束 =====
2025-07-25 15:33:42,523 - INFO - main_window.py:515 - ===== OCR任务开始: 课时作业.pdf =====
2025-07-25 15:33:42,523 - INFO - main_window.py:519 - 步骤1: 开始将PDF转换为图片...
2025-07-25 15:33:43,454 - INFO - main_window.py:532 - PDF转图片成功。
2025-07-25 15:33:43,454 - INFO - main_window.py:552 - 步骤2: 开始调用AI模型进行识别...
2025-07-25 15:33:43,454 - INFO - main_window.py:563 - 正在处理第 1/5 页: 课时作业[DPI200][页面1].png
2025-07-25 15:33:43,459 - INFO - main_window.py:605 - 页面 1: 第 1 次尝试调用API...
2025-07-25 15:34:00,253 - INFO - main_window.py:633 - 页面 1: 第 1 次尝试成功，内容长度: 1351 字符。
2025-07-25 15:34:00,254 - INFO - main_window.py:563 - 正在处理第 2/5 页: 课时作业[DPI200][页面2].png
2025-07-25 15:34:00,260 - INFO - main_window.py:605 - 页面 2: 第 1 次尝试调用API...
2025-07-25 15:34:07,283 - INFO - main_window.py:633 - 页面 2: 第 1 次尝试成功，内容长度: 433 字符。
2025-07-25 15:34:07,283 - INFO - main_window.py:563 - 正在处理第 3/5 页: 课时作业[DPI200][页面3].png
2025-07-25 15:34:07,301 - INFO - main_window.py:605 - 页面 3: 第 1 次尝试调用API...
2025-07-25 15:34:23,563 - INFO - main_window.py:633 - 页面 3: 第 1 次尝试成功，内容长度: 1592 字符。
2025-07-25 15:34:23,563 - INFO - main_window.py:563 - 正在处理第 4/5 页: 课时作业[DPI200][页面4].png
2025-07-25 15:34:23,572 - INFO - main_window.py:605 - 页面 4: 第 1 次尝试调用API...
2025-07-25 15:34:30,504 - INFO - main_window.py:633 - 页面 4: 第 1 次尝试成功，内容长度: 450 字符。
2025-07-25 15:34:30,504 - INFO - main_window.py:563 - 正在处理第 5/5 页: 课时作业[DPI200][页面5].png
2025-07-25 15:34:30,510 - INFO - main_window.py:605 - 页面 5: 第 1 次尝试调用API...
2025-07-25 15:34:48,069 - INFO - main_window.py:633 - 页面 5: 第 1 次尝试成功，内容长度: 1765 字符。
2025-07-25 15:34:48,069 - INFO - main_window.py:670 - 所有页面处理完毕。
2025-07-25 15:34:48,069 - INFO - main_window.py:675 - 页面 1 内容长度: 1351 字符。
2025-07-25 15:34:48,070 - INFO - main_window.py:675 - 页面 2 内容长度: 433 字符。
2025-07-25 15:34:48,070 - INFO - main_window.py:675 - 页面 3 内容长度: 1592 字符。
2025-07-25 15:34:48,070 - INFO - main_window.py:675 - 页面 4 内容长度: 450 字符。
2025-07-25 15:34:48,070 - INFO - main_window.py:675 - 页面 5 内容长度: 1765 字符。
2025-07-25 15:34:48,070 - INFO - main_window.py:677 - 合并前总字符数: 5591 字符。
2025-07-25 15:34:48,071 - INFO - main_window.py:682 - 合并后总字符数: 5619 字符。
2025-07-25 15:34:48,071 - INFO - main_window.py:685 - 最终 Markdown 内容开头: # 第2课时 集合的表示

## 基础过关

1. 下列说法正确的是  （    ）
A. 按爱好足球的同学组成一个集合  
B. $\{1,2,3\}$ 是不大于3的自然数组成的集合  
C. 集合...
2025-07-25 15:34:48,071 - INFO - main_window.py:686 - 最终 Markdown 内容结尾: ...）当 $a=10$ 时，求 $A \cap B$, $A \cup B$；

（2）求能使 $A \subseteq (A \cap B)$ 成立的 $a$ 的取值范围。

---

**方法总结**
2025-07-25 15:34:48,090 - INFO - main_window.py:696 - ===== OCR任务成功结束 =====
2025-07-25 15:34:48,096 - INFO - main_window.py:1810 - 接收到OCR结果，原始内容长度: 5619 字符。
2025-07-25 15:34:48,097 - INFO - main_window.py:1816 - 预处理后内容长度: 4913 字符。
2025-07-25 15:34:48,125 - INFO - main_window.py:1834 - 已保存原始Markdown到调试文件: C:/Users/Admin/Desktop/ocr/课时作业_debug_raw.md (大小: 7904 字节)
2025-07-25 15:34:48,127 - INFO - main_window.py:1840 - 已保存预处理后Markdown到调试文件: C:/Users/Admin/Desktop/ocr/课时作业_debug_processed.md (大小: 6849 字节)
2025-07-25 15:34:48,127 - INFO - main_window.py:1852 - 准备写入最终文件: C:/Users/Admin/Desktop/ocr/课时作业.md，内容长度: 4913 字符。
2025-07-25 15:34:48,128 - INFO - main_window.py:1859 - 最终文件写入完成: C:/Users/Admin/Desktop/ocr/课时作业.md，实际大小: 6849 字节。
2025-07-25 15:42:46,473 - INFO - main_window.py:515 - ===== OCR任务开始: 课时作业.pdf =====
2025-07-25 15:42:46,474 - INFO - main_window.py:519 - 步骤1: 开始将PDF转换为图片...
2025-07-25 15:42:47,399 - INFO - main_window.py:532 - PDF转图片成功。
2025-07-25 15:42:47,400 - INFO - main_window.py:552 - 步骤2: 开始调用AI模型进行识别...
2025-07-25 15:42:47,400 - INFO - main_window.py:563 - 正在处理第 1/5 页: 课时作业[DPI200][页面1].png
2025-07-25 15:42:47,404 - INFO - main_window.py:605 - 页面 1: 第 1 次尝试调用API...
2025-07-25 15:43:05,690 - INFO - main_window.py:633 - 页面 1: 第 1 次尝试成功，内容长度: 1360 字符。
2025-07-25 15:43:05,690 - INFO - main_window.py:563 - 正在处理第 2/5 页: 课时作业[DPI200][页面2].png
2025-07-25 15:43:05,698 - INFO - main_window.py:605 - 页面 2: 第 1 次尝试调用API...
2025-07-25 15:43:13,077 - INFO - main_window.py:633 - 页面 2: 第 1 次尝试成功，内容长度: 436 字符。
2025-07-25 15:43:13,078 - INFO - main_window.py:563 - 正在处理第 3/5 页: 课时作业[DPI200][页面3].png
2025-07-25 15:43:13,099 - INFO - main_window.py:605 - 页面 3: 第 1 次尝试调用API...
2025-07-25 15:43:33,017 - INFO - main_window.py:633 - 页面 3: 第 1 次尝试成功，内容长度: 1790 字符。
2025-07-25 15:43:33,018 - INFO - main_window.py:563 - 正在处理第 4/5 页: 课时作业[DPI200][页面4].png
2025-07-25 15:43:33,026 - INFO - main_window.py:605 - 页面 4: 第 1 次尝试调用API...
2025-07-25 15:43:43,011 - INFO - main_window.py:633 - 页面 4: 第 1 次尝试成功，内容长度: 507 字符。
2025-07-25 15:43:43,011 - INFO - main_window.py:563 - 正在处理第 5/5 页: 课时作业[DPI200][页面5].png
2025-07-25 15:43:43,017 - INFO - main_window.py:605 - 页面 5: 第 1 次尝试调用API...
2025-07-25 15:44:02,228 - INFO - main_window.py:633 - 页面 5: 第 1 次尝试成功，内容长度: 1671 字符。
2025-07-25 15:44:02,228 - INFO - main_window.py:670 - 所有页面处理完毕。
2025-07-25 15:44:02,229 - INFO - main_window.py:675 - 页面 1 内容长度: 1360 字符。
2025-07-25 15:44:02,229 - INFO - main_window.py:675 - 页面 2 内容长度: 436 字符。
2025-07-25 15:44:02,229 - INFO - main_window.py:675 - 页面 3 内容长度: 1790 字符。
2025-07-25 15:44:02,229 - INFO - main_window.py:675 - 页面 4 内容长度: 507 字符。
2025-07-25 15:44:02,230 - INFO - main_window.py:675 - 页面 5 内容长度: 1671 字符。
2025-07-25 15:44:02,230 - INFO - main_window.py:677 - 合并前总字符数: 5764 字符。
2025-07-25 15:44:02,230 - INFO - main_window.py:682 - 合并后总字符数: 5792 字符。
2025-07-25 15:44:02,231 - INFO - main_window.py:685 - 最终 Markdown 内容开头: # 第一章 预备知识

## 第2课时 集合的表示

## 数学课时作业

### 基础过关

1. 下列说法正确的是　　　 (　　 )
- A.按照爱好足球的同学组成一个集合
- B. $\{1,2...
2025-07-25 15:44:02,231 - INFO - main_window.py:686 - 最终 Markdown 内容结尾: ...=10$ 时，求 $A \cap B$, $A \cup B$；
- (2) 求能使 $A \subseteq (A \cap B)$ 成立的 $a$ 的取值范围。

---

方法总结

---


2025-07-25 15:44:02,254 - INFO - main_window.py:696 - ===== OCR任务成功结束 =====
2025-07-25 15:44:02,262 - INFO - main_window.py:1810 - 接收到OCR结果，原始内容长度: 5792 字符。
2025-07-25 15:44:02,264 - INFO - main_window.py:1816 - 预处理后内容长度: 5792 字符。
2025-07-25 15:44:02,302 - INFO - main_window.py:1835 - 准备写入最终文件: C:/Users/Admin/Desktop/ocr/课时作业.md，内容长度: 5792 字符。
2025-07-25 15:44:02,304 - INFO - main_window.py:1842 - 最终文件写入完成: C:/Users/Admin/Desktop/ocr/课时作业.md，实际大小: 8005 字节。
2025-07-25 16:57:14,193 - INFO - main_window.py:515 - ===== OCR任务开始: 课时作业.pdf =====
2025-07-25 16:57:14,193 - INFO - main_window.py:519 - 步骤1: 开始将PDF转换为图片...
2025-07-25 16:57:15,113 - INFO - main_window.py:532 - PDF转图片成功。
2025-07-25 16:57:15,113 - INFO - main_window.py:552 - 步骤2: 开始调用AI模型进行识别...
2025-07-25 16:57:15,114 - INFO - main_window.py:563 - 正在处理第 1/5 页: 课时作业[DPI200][页面1].png
2025-07-25 16:57:15,118 - INFO - main_window.py:605 - 页面 1: 第 1 次尝试调用API...
2025-07-25 16:57:35,155 - INFO - main_window.py:633 - 页面 1: 第 1 次尝试成功，内容长度: 1494 字符。
2025-07-25 16:57:35,155 - INFO - main_window.py:563 - 正在处理第 2/5 页: 课时作业[DPI200][页面2].png
2025-07-25 16:57:35,166 - INFO - main_window.py:605 - 页面 2: 第 1 次尝试调用API...
2025-07-25 16:57:42,614 - INFO - main_window.py:633 - 页面 2: 第 1 次尝试成功，内容长度: 399 字符。
2025-07-25 16:57:42,614 - INFO - main_window.py:563 - 正在处理第 3/5 页: 课时作业[DPI200][页面3].png
2025-07-25 16:57:42,638 - INFO - main_window.py:605 - 页面 3: 第 1 次尝试调用API...
2025-07-25 16:57:59,546 - INFO - main_window.py:633 - 页面 3: 第 1 次尝试成功，内容长度: 1600 字符。
2025-07-25 16:57:59,547 - INFO - main_window.py:563 - 正在处理第 4/5 页: 课时作业[DPI200][页面4].png
2025-07-25 16:57:59,554 - INFO - main_window.py:605 - 页面 4: 第 1 次尝试调用API...
2025-07-25 16:58:10,371 - INFO - main_window.py:633 - 页面 4: 第 1 次尝试成功，内容长度: 507 字符。
2025-07-25 16:58:10,371 - INFO - main_window.py:563 - 正在处理第 5/5 页: 课时作业[DPI200][页面5].png
2025-07-25 16:58:10,385 - INFO - main_window.py:605 - 页面 5: 第 1 次尝试调用API...
2025-07-25 16:58:28,207 - INFO - main_window.py:633 - 页面 5: 第 1 次尝试成功，内容长度: 1804 字符。
2025-07-25 16:58:28,207 - INFO - main_window.py:670 - 所有页面处理完毕。
2025-07-25 16:58:28,208 - INFO - main_window.py:675 - 页面 1 内容长度: 1494 字符。
2025-07-25 16:58:28,208 - INFO - main_window.py:675 - 页面 2 内容长度: 399 字符。
2025-07-25 16:58:28,208 - INFO - main_window.py:675 - 页面 3 内容长度: 1600 字符。
2025-07-25 16:58:28,209 - INFO - main_window.py:675 - 页面 4 内容长度: 507 字符。
2025-07-25 16:58:28,209 - INFO - main_window.py:675 - 页面 5 内容长度: 1804 字符。
2025-07-25 16:58:28,209 - INFO - main_window.py:677 - 合并前总字符数: 5804 字符。
2025-07-25 16:58:28,209 - INFO - main_window.py:682 - 合并后总字符数: 5832 字符。
2025-07-25 16:58:28,210 - INFO - main_window.py:685 - 最终 Markdown 内容开头: # 数学课时作业

## 第2课时 集合的表示

### 基础过关

1. 下列说法正确的是  （   ）
- A. 按按爱好足球的同学组成一个集合
- B. $\{1, 2, 3\}$ 是不大于3的...
2025-07-25 16:58:28,210 - INFO - main_window.py:686 - 最终 Markdown 内容结尾: ...a = 10$ 时，求 $A \cap B$, $A \cup B$；

(2) 求能使 $A \subseteq (A \cap B)$ 成立的 $a$ 的取值范围。

---

方法总结

---
2025-07-25 16:58:28,212 - INFO - main_window.py:696 - ===== OCR任务成功结束 =====
2025-07-25 16:58:28,259 - INFO - main_window.py:1810 - 接收到OCR结果，原始内容长度: 5832 字符。
2025-07-25 16:58:28,259 - INFO - main_window.py:1816 - 预处理后内容长度: 5832 字符。
2025-07-25 16:58:28,282 - INFO - main_window.py:1835 - 准备写入最终文件: C:/Users/Admin/Desktop/ocr/课时作业.md，内容长度: 5832 字符。
2025-07-25 16:58:28,283 - INFO - main_window.py:1842 - 最终文件写入完成: C:/Users/Admin/Desktop/ocr/课时作业.md，实际大小: 8121 字节。
2025-07-25 19:35:07,927 - INFO - main_window.py:515 - ===== OCR任务开始: 课时作业.pdf =====
2025-07-25 19:35:07,928 - INFO - main_window.py:519 - 步骤1: 开始将PDF转换为图片...
2025-07-25 19:35:08,844 - INFO - main_window.py:532 - PDF转图片成功。
2025-07-25 19:35:08,844 - INFO - main_window.py:552 - 步骤2: 开始调用AI模型进行识别...
2025-07-25 19:35:08,845 - INFO - main_window.py:563 - 正在处理第 1/5 页: 课时作业[DPI200][页面1].png
2025-07-25 19:35:08,849 - INFO - main_window.py:605 - 页面 1: 第 1 次尝试调用API...
2025-07-25 19:35:17,210 - INFO - main_window.py:633 - 页面 1: 第 1 次尝试成功，内容长度: 300 字符。
2025-07-25 19:35:17,210 - INFO - main_window.py:563 - 正在处理第 2/5 页: 课时作业[DPI200][页面2].png
2025-07-25 19:35:17,214 - INFO - main_window.py:605 - 页面 2: 第 1 次尝试调用API...
2025-07-25 19:35:52,884 - INFO - main_window.py:633 - 页面 2: 第 1 次尝试成功，内容长度: 270 字符。
2025-07-25 19:35:52,885 - ERROR - main_window.py:654 - 页面 2: 处理页面 2 时发生未知错误: OCR task was stopped.
Traceback (most recent call last):
  File "D:\code\PDFOptimizer\ui\main_window.py", line 635, in run
    progress_callback(i + 1, total_images)
  File "D:\code\PDFOptimizer\ui\main_window.py", line 543, in progress_callback
    raise InterruptedError("OCR task was stopped.")
InterruptedError: OCR task was stopped.
2025-07-25 19:35:52,886 - WARNING - main_window.py:698 - 任务已手动停止。
2025-07-25 19:35:52,886 - INFO - main_window.py:700 - ===== OCR任务已停止 =====
2025-07-25 19:36:02,438 - INFO - main_window.py:515 - ===== OCR任务开始: 课时作业.pdf =====
2025-07-25 19:36:02,438 - INFO - main_window.py:519 - 步骤1: 开始将PDF转换为图片...
2025-07-25 19:36:03,357 - INFO - main_window.py:532 - PDF转图片成功。
2025-07-25 19:36:03,358 - INFO - main_window.py:552 - 步骤2: 开始调用AI模型进行识别...
2025-07-25 19:36:03,358 - INFO - main_window.py:563 - 正在处理第 1/5 页: 课时作业[DPI200][页面1].png
2025-07-25 19:36:03,362 - INFO - main_window.py:605 - 页面 1: 第 1 次尝试调用API...
2025-07-25 19:36:05,615 - WARNING - main_window.py:641 - 页面 1: API请求失败 (尝试 1/3): Server error '500 Internal Server Error' for url 'https://api.mathe.cn/v1/chat/completions'
For more information check: https://developer.mozilla.org/en-US/docs/Web/HTTP/Status/500
2025-07-25 19:36:07,615 - INFO - main_window.py:605 - 页面 1: 第 2 次尝试调用API...
2025-07-25 19:36:15,554 - WARNING - main_window.py:641 - 页面 1: API请求失败 (尝试 2/3): Server error '500 Internal Server Error' for url 'https://api.mathe.cn/v1/chat/completions'
For more information check: https://developer.mozilla.org/en-US/docs/Web/HTTP/Status/500
2025-07-25 19:36:17,554 - INFO - main_window.py:605 - 页面 1: 第 3 次尝试调用API...
2025-07-25 19:36:19,829 - WARNING - main_window.py:641 - 页面 1: API请求失败 (尝试 3/3): Server error '500 Internal Server Error' for url 'https://api.mathe.cn/v1/chat/completions'
For more information check: https://developer.mozilla.org/en-US/docs/Web/HTTP/Status/500
2025-07-25 19:36:19,830 - ERROR - main_window.py:647 - 页面 1: API返回错误 (页面 1): 3次尝试后失败 - Server error '500 Internal Server Error' for url 'https://api.mathe.cn/v1/chat/completions'
For more information check: https://developer.mozilla.org/en-US/docs/Web/HTTP/Status/500
2025-07-25 19:36:19,830 - INFO - main_window.py:563 - 正在处理第 2/5 页: 课时作业[DPI200][页面2].png
2025-07-25 19:36:19,841 - INFO - main_window.py:605 - 页面 2: 第 1 次尝试调用API...
2025-07-25 19:36:32,151 - INFO - main_window.py:633 - 页面 2: 第 1 次尝试成功，内容长度: 313 字符。
2025-07-25 19:36:32,152 - INFO - main_window.py:563 - 正在处理第 3/5 页: 课时作业[DPI200][页面3].png
2025-07-25 19:36:32,171 - INFO - main_window.py:605 - 页面 3: 第 1 次尝试调用API...
2025-07-25 19:36:34,246 - WARNING - main_window.py:641 - 页面 3: API请求失败 (尝试 1/3): Client error '413 Request Entity Too Large' for url 'https://api.mathe.cn/v1/chat/completions'
For more information check: https://developer.mozilla.org/en-US/docs/Web/HTTP/Status/413
2025-07-25 19:36:36,248 - INFO - main_window.py:605 - 页面 3: 第 2 次尝试调用API...
2025-07-25 19:36:46,931 - WARNING - main_window.py:641 - 页面 3: API请求失败 (尝试 2/3): Client error '413 Request Entity Too Large' for url 'https://api.mathe.cn/v1/chat/completions'
For more information check: https://developer.mozilla.org/en-US/docs/Web/HTTP/Status/413
2025-07-25 19:36:48,932 - WARNING - main_window.py:698 - 任务已手动停止。
2025-07-25 19:36:48,933 - INFO - main_window.py:700 - ===== OCR任务已停止 =====
2025-07-25 19:36:57,976 - INFO - main_window.py:515 - ===== OCR任务开始: 课时作业.pdf =====
2025-07-25 19:36:57,976 - INFO - main_window.py:519 - 步骤1: 开始将PDF转换为图片...
2025-07-25 19:36:58,893 - INFO - main_window.py:532 - PDF转图片成功。
2025-07-25 19:36:58,893 - INFO - main_window.py:552 - 步骤2: 开始调用AI模型进行识别...
2025-07-25 19:36:58,893 - INFO - main_window.py:563 - 正在处理第 1/5 页: 课时作业[DPI200][页面1].png
2025-07-25 19:36:58,898 - INFO - main_window.py:605 - 页面 1: 第 1 次尝试调用API...
2025-07-25 19:37:07,047 - INFO - main_window.py:633 - 页面 1: 第 1 次尝试成功，内容长度: 1240 字符。
2025-07-25 19:37:07,047 - INFO - main_window.py:563 - 正在处理第 2/5 页: 课时作业[DPI200][页面2].png
2025-07-25 19:37:07,052 - INFO - main_window.py:605 - 页面 2: 第 1 次尝试调用API...
2025-07-25 19:37:17,197 - INFO - main_window.py:633 - 页面 2: 第 1 次尝试成功，内容长度: 353 字符。
2025-07-25 19:37:17,197 - INFO - main_window.py:563 - 正在处理第 3/5 页: 课时作业[DPI200][页面3].png
2025-07-25 19:37:17,229 - INFO - main_window.py:605 - 页面 3: 第 1 次尝试调用API...
2025-07-25 19:37:33,097 - INFO - main_window.py:633 - 页面 3: 第 1 次尝试成功，内容长度: 1279 字符。
2025-07-25 19:37:33,097 - INFO - main_window.py:563 - 正在处理第 4/5 页: 课时作业[DPI200][页面4].png
2025-07-25 19:37:33,104 - INFO - main_window.py:605 - 页面 4: 第 1 次尝试调用API...
2025-07-25 19:37:38,521 - INFO - main_window.py:633 - 页面 4: 第 1 次尝试成功，内容长度: 457 字符。
2025-07-25 19:37:38,521 - INFO - main_window.py:563 - 正在处理第 5/5 页: 课时作业[DPI200][页面5].png
2025-07-25 19:37:38,525 - INFO - main_window.py:605 - 页面 5: 第 1 次尝试调用API...
2025-07-25 19:37:48,405 - INFO - main_window.py:633 - 页面 5: 第 1 次尝试成功，内容长度: 1483 字符。
2025-07-25 19:37:48,405 - INFO - main_window.py:670 - 所有页面处理完毕。
2025-07-25 19:37:48,405 - INFO - main_window.py:675 - 页面 1 内容长度: 1240 字符。
2025-07-25 19:37:48,406 - INFO - main_window.py:675 - 页面 2 内容长度: 353 字符。
2025-07-25 19:37:48,406 - INFO - main_window.py:675 - 页面 3 内容长度: 1279 字符。
2025-07-25 19:37:48,406 - INFO - main_window.py:675 - 页面 4 内容长度: 457 字符。
2025-07-25 19:37:48,406 - INFO - main_window.py:675 - 页面 5 内容长度: 1483 字符。
2025-07-25 19:37:48,407 - INFO - main_window.py:677 - 合并前总字符数: 4812 字符。
2025-07-25 19:37:48,407 - INFO - main_window.py:682 - 合并后总字符数: 4840 字符。
2025-07-25 19:37:48,407 - INFO - main_window.py:685 - 最终 Markdown 内容开头: 第一章预备知识

数课时
第2课时集合的表示
学作业
基础过关

1. 下列说法正确的是 ( )
A. 某校爱好足球的同学组成一个集合
B. ${1,2,3}$是不大于3的自然数组成的集合
C. 集合...
2025-07-25 19:37:48,407 - INFO - main_window.py:686 - 最终 Markdown 内容结尾: ...    (1)当$a$=10时,求$A \cap B$, $A \cup B$;
    (2)求能使$A \subseteq (A \cap B)$成立的$a$ 的取值
    范围.

方法总结

2025-07-25 19:37:48,409 - INFO - main_window.py:696 - ===== OCR任务成功结束 =====
2025-07-25 19:37:48,425 - INFO - main_window.py:1810 - 接收到OCR结果，原始内容长度: 4840 字符。
2025-07-25 19:37:48,425 - INFO - main_window.py:1816 - 预处理后内容长度: 4840 字符。
2025-07-25 19:37:48,442 - INFO - main_window.py:1835 - 准备写入最终文件: C:/Users/Admin/Desktop/ocr/课时作业.md，内容长度: 4840 字符。
2025-07-25 19:37:48,443 - INFO - main_window.py:1842 - 最终文件写入完成: C:/Users/Admin/Desktop/ocr/课时作业.md，实际大小: 6929 字节。
